C:\Program Files (x86)\Microsoft Visual Studio\2017\Professional\Common7\IDE\VC\VCTargets\Platforms\x64\PlatformToolsets\v141_xp\Toolset.targets(39,5): warning MSB8051: La prise en charge du ciblage de Windows XP est dépréciée et sera absente des futures versions de Visual Studio. Pour plus d'informations, consultez https://go.microsoft.com/fwlink/?linkid=2023588.
C:\Program Files (x86)\Microsoft Visual Studio\2017\Professional\Common7\IDE\VC\VCTargets\Microsoft.CppBuild.targets(377,5): warning MSB8004: Le répertoire Output ne se termine pas par une barre oblique finale. Cette instance de build ajoutera une barre oblique, comme requis, pour permettre l'évaluation correcte du répertoire Output.
  crypto.c
  crypto_windows.c
  dns_srv.c
  endian.c
  helpers.c
  kms.c
  kmsdata-full.c
  network.c
  output.c
  rpc.c
  shared_globals.c
  vlmcs.c
  wingetopt.c
  crypto.obj : .netmodule ou module MSIL compilé avec /GL trouvé ; redémarrage de l'édition de liens avec /LTCG ; ajoutez /LTCG à la ligne de commande de l'édition de liens pour améliorer les performances de l'Éditeur de liens
LINK : warning LNK4075: ' /INCREMENTAL' ignorÚ Ó cause de la spÚcification '/LTCG'
LINK : warning LNK4010: numÚro de version 5.01 de sous-systÞme non valideá; version de sous-systÞme prise par dÚfaut
  GÚnÚration de code en cours
  Fin de la gÚnÚration du code
  vlmcs.vcxproj -> C:\Users\dev\source\repos\alpinevms\VisualStudio\..\bin\vlmcs.exe
