C:\Program Files (x86)\Microsoft Visual Studio\2017\Professional\Common7\IDE\VC\VCTargets\Platforms\x64\PlatformToolsets\v141_xp\Toolset.targets(39,5): warning MSB8051: La prise en charge du ciblage de Windows XP est dépréciée et sera absente des futures versions de Visual Studio. Pour plus d'informations, consultez https://go.microsoft.com/fwlink/?linkid=2023588.
C:\Program Files (x86)\Microsoft Visual Studio\2017\Professional\Common7\IDE\VC\VCTargets\Microsoft.CppBuild.targets(377,5): warning MSB8004: Le répertoire Output ne se termine pas par une barre oblique finale. Cette instance de build ajoutera une barre oblique, comme requis, pour permettre l'évaluation correcte du répertoire Output.
  crypto.c
  crypto_windows.c
  dns_srv.c
  endian.c
  helpers.c
  kms.c
  kmsdata-full.c
  mongoose.c
c:\users\dev\source\repos\alpinevms\src\mongoose.c(7143): warning C4267: 'fonction' : conversion de 'size_t' en 'int', perte possible de données
c:\users\dev\source\repos\alpinevms\src\mongoose.c(7146): warning C4267: 'fonction' : conversion de 'size_t' en 'int', perte possible de données
c:\users\dev\source\repos\alpinevms\src\mongoose.c(7264): warning C4267: 'fonction' : conversion de 'size_t' en 'int', perte possible de données
c:\users\dev\source\repos\alpinevms\src\mongoose.c(7267): warning C4267: 'fonction' : conversion de 'size_t' en 'int', perte possible de données
c:\users\dev\source\repos\alpinevms\src\mongoose.c(7687): warning C4267: 'fonction' : conversion de 'size_t' en 'int', perte possible de données
  network.c
  ntservice.c
  output.c
  rpc.c
  shared_globals.c
  vlmcs.c
  vlmcsd.c
  vlmcsdmulti.c
c:\users\dev\source\repos\alpinevms\src\vlmcsd.c(2039): warning C4267: 'initialisation' : conversion de 'size_t' en 'const int', perte possible de données
  web.c
  wingetopt.c
  wintap.c
  crypto.obj : .netmodule ou module MSIL compilé avec /GL trouvé ; redémarrage de l'édition de liens avec /LTCG ; ajoutez /LTCG à la ligne de commande de l'édition de liens pour améliorer les performances de l'Éditeur de liens
LINK : warning LNK4075: ' /INCREMENTAL' ignorÚ Ó cause de la spÚcification '/LTCG'
LINK : warning LNK4010: numÚro de version 5.01 de sous-systÞme non valideá; version de sous-systÞme prise par dÚfaut
LINK : warning LNK4098: conflit entre la bibliothÞque par dÚfaut 'LIBCMT' et les autres bibliothÞquesá; utilisez /NODEFAULTLIB:library
  GÚnÚration de code en cours
  Fin de la gÚnÚration du code
  vlmcsdmulti.vcxproj -> C:\Users\dev\source\repos\alpinevms\VisualStudio\..\bin\vlmcsdmulti.exe
